<?xml version="1.0" encoding="UTF-8"?>
<testng-results ignored="0" total="1" passed="1" failed="0" skipped="0">
  <reporter-output>
  </reporter-output>
  <suite started-at="2022-03-15T13:35:35 IST" name="Default suite" finished-at="2022-03-15T13:35:35 IST" duration-ms="75">
    <groups>
    </groups>
    <test started-at="2022-03-15T13:35:35 IST" name="Default test" finished-at="2022-03-15T13:35:35 IST" duration-ms="75">
      <class name="JenkinsPractice.PracticeJenkins">
        <test-method signature="practiceJenkins()[pri:0, instance:JenkinsPractice.PracticeJenkins@15aab8c6]" started-at="2022-03-15T13:35:35 IST" name="practiceJenkins" finished-at="2022-03-15T13:35:35 IST" duration-ms="9" status="PASS">
          <reporter-output>
          </reporter-output>
        </test-method> <!-- practiceJenkins -->
      </class> <!-- JenkinsPractice.PracticeJenkins -->
    </test> <!-- Default test -->
  </suite> <!-- Default suite -->
</testng-results>
