<?xml version="1.0" encoding="UTF-8"?>
<testng-results ignored="0" total="1" passed="1" failed="0" skipped="0">
  <reporter-output>
  </reporter-output>
  <suite started-at="2022-03-15T13:15:34 IST" name="Default suite" finished-at="2022-03-15T13:15:34 IST" duration-ms="72">
    <groups>
    </groups>
    <test started-at="2022-03-15T13:15:34 IST" name="Default test" finished-at="2022-03-15T13:15:34 IST" duration-ms="72">
      <class name="JenkinsPractice.JenkinsDemo">
        <test-method signature="jeckinsDemo()[pri:0, instance:JenkinsPractice.JenkinsDemo@15aab8c6]" started-at="2022-03-15T13:15:34 IST" name="jeckinsDemo" finished-at="2022-03-15T13:15:34 IST" duration-ms="15" status="PASS">
          <reporter-output>
          </reporter-output>
        </test-method> <!-- jeckinsDemo -->
      </class> <!-- JenkinsPractice.JenkinsDemo -->
    </test> <!-- Default test -->
  </suite> <!-- Default suite -->
</testng-results>
